#
# There is insufficient memory for the Java Runtime Environment to continue.
# Native memory allocation (malloc) failed to allocate 32744 bytes for ChunkPool::allocate
# Possible reasons:
#   The system is out of physical RAM or swap space
#   In 32 bit mode, the process size limit was hit
# Possible solutions:
#   Reduce memory load on the system
#   Increase physical memory or swap space
#   Check if swap backing store is full
#   Use 64 bit Java on a 64 bit OS
#   Decrease Java heap size (-Xmx/-Xms)
#   Decrease number of Java threads
#   Decrease Java thread stack sizes (-Xss)
#   Set larger code cache with -XX:ReservedCodeCacheSize=
# This output file may be truncated or incomplete.
#
#  Out of Memory Error (allocation.cpp:273), pid=896, tid=4000
#
# JRE version: Java(TM) SE Runtime Environment (8.0_72-b15) (build 1.8.0_72-b15)
# Java VM: Java HotSpot(TM) 64-Bit Server VM (25.72-b15 mixed mode windows-amd64 compressed oops)
# Failed to write core dump. Minidumps are not enabled by default on client versions of Windows
#

---------------  T H R E A D  ---------------

Current thread (0x00000000557e1000):  JavaThread "C1 CompilerThread1" daemon [_thread_in_native, id=4000, stack(0x0000000054f80000,0x0000000055080000)]

Stack: [0x0000000054f80000,0x0000000055080000]
[error occurred during error reporting (printing stack bounds), id 0xc0000005]

Native frames: (J=compiled Java code, j=interpreted, Vv=VM code, C=native code)


Current CompileTask:
C1: 626332 6012   !   1       com.sun.xml.bind.v2.runtime.reflect.opt.Injector::inject (861 bytes)


---------------  P R O C E S S  ---------------

Java Threads: ( => current thread )
  0x000000005a67e800 JavaThread "container-2" [_thread_blocked, id=2388, stack(0x000000005be10000,0x000000005bf10000)]
  0x000000005a67d800 JavaThread "Catalina-utility-2" [_thread_blocked, id=2080, stack(0x000000005bd10000,0x000000005be10000)]
  0x000000005a67c000 JavaThread "Catalina-utility-1" [_thread_blocked, id=4604, stack(0x000000005bb20000,0x000000005bc20000)]
  0x000000005a67b800 JavaThread "restartedMain" [_thread_in_Java, id=4516, stack(0x000000005a4f0000,0x000000005a5f0000)]
  0x000000005a680000 JavaThread "File Watcher" daemon [_thread_blocked, id=4888, stack(0x00000000579a0000,0x0000000057aa0000)]
  0x000000005a67a800 JavaThread "File Watcher" daemon [_thread_blocked, id=3064, stack(0x0000000056d90000,0x0000000056e90000)]
  0x000000005a84e000 JavaThread "TaskAcceptor-target_localhost" daemon [_thread_blocked, id=4540, stack(0x000000005da50000,0x000000005db50000)]
  0x000000005a84c000 JavaThread "Apache-HttpClient-Conn-Cleaner2" daemon [_thread_blocked, id=4992, stack(0x000000005d8b0000,0x000000005d9b0000)]
  0x000000005a84f000 JavaThread "Eureka-MeasureRateTimer" daemon [_thread_blocked, id=3816, stack(0x000000005d770000,0x000000005d870000)]
  0x0000000056446000 JavaThread "Eureka-MeasureRateTimer" daemon [_thread_blocked, id=3836, stack(0x000000005d4b0000,0x000000005d5b0000)]
  0x000000005a67a000 JavaThread "File Watcher" daemon [_thread_blocked, id=4188, stack(0x00000000573b0000,0x00000000574b0000)]
  0x0000000056441000 JavaThread "TaskAcceptor-target_localhost" daemon [_thread_blocked, id=4400, stack(0x000000005d100000,0x000000005d200000)]
  0x0000000056440000 JavaThread "Apache-HttpClient-Conn-Cleaner2" daemon [_thread_blocked, id=660, stack(0x000000005cce0000,0x000000005cde0000)]
  0x000000005a852800 JavaThread "Eureka-MeasureRateTimer" daemon [_thread_blocked, id=4416, stack(0x000000005ce50000,0x000000005cf50000)]
  0x000000005a851000 JavaThread "Eureka-MeasureRateTimer" daemon [_thread_blocked, id=1604, stack(0x000000005cbc0000,0x000000005ccc0000)]
  0x000000005a84d800 JavaThread "Thread-8" [_thread_blocked, id=1844, stack(0x0000000060580000,0x0000000060680000)]
  0x000000005a84c800 JavaThread "DestroyJavaVM" [_thread_blocked, id=4300, stack(0x00000000025c0000,0x00000000026c0000)]
  0x000000005a67f000 JavaThread "Eureka-MeasureRateTimer" daemon [_thread_blocked, id=4144, stack(0x000000005c600000,0x000000005c700000)]
  0x000000005a679000 JavaThread "Live Reload Server" daemon [_thread_in_native, id=4532, stack(0x000000005b750000,0x000000005b850000)]
  0x0000000056434800 JavaThread "RMI TCP Accept-0" daemon [_thread_in_native, id=5092, stack(0x0000000056ef0000,0x0000000056ff0000)]
  0x00000000563e8000 JavaThread "RMI TCP Accept-53977" daemon [_thread_in_native, id=3488, stack(0x0000000056c10000,0x0000000056d10000)]
  0x00000000563dd000 JavaThread "RMI TCP Accept-0" daemon [_thread_in_native, id=1636, stack(0x0000000056a50000,0x0000000056b50000)]
  0x00000000557e5000 JavaThread "Service Thread" daemon [_thread_blocked, id=4284, stack(0x0000000055c00000,0x0000000055d00000)]
=>0x00000000557e1000 JavaThread "C1 CompilerThread1" daemon [_thread_in_native, id=4000, stack(0x0000000054f80000,0x0000000055080000)]
  0x000000005458f000 JavaThread "C2 CompilerThread0" daemon [_thread_blocked, id=4872, stack(0x0000000055430000,0x0000000055530000)]
  0x000000005458d800 JavaThread "Attach Listener" daemon [_thread_blocked, id=4508, stack(0x00000000556e0000,0x00000000557e0000)]
  0x000000005458c800 JavaThread "Signal Dispatcher" daemon [_thread_blocked, id=2896, stack(0x0000000055580000,0x0000000055680000)]
  0x0000000054573000 JavaThread "Finalizer" daemon [_thread_blocked, id=2964, stack(0x00000000551a0000,0x00000000552a0000)]
  0x000000005452a000 JavaThread "Reference Handler" daemon [_thread_blocked, id=4484, stack(0x00000000552e0000,0x00000000553e0000)]

Other Threads:
  0x0000000054522000 VMThread [stack: 0x0000000055080000,0x0000000055180000] [id=4496]
  0x000000005643c800 WatcherThread [stack: 0x0000000056ff0000,0x00000000570f0000] [id=2816]

VM state:not at safepoint (normal execution)

VM Mutex/Monitor currently owned by a thread: None

Heap:
 PSYoungGen      total 241152K, used 50769K [0x00000000f0580000, 0x0000000100000000, 0x0000000100000000)
  eden space 226816K, 17% used [0x00000000f0580000,0x00000000f2c8e288,0x00000000fe300000)
  from space 14336K, 75% used [0x00000000ff200000,0x00000000ffc863a0,0x0000000100000000)
  to   space 14848K, 0% used [0x00000000fe300000,0x00000000fe300000,0x00000000ff180000)
 ParOldGen       total 52736K, used 30841K [0x00000000d1000000, 0x00000000d4380000, 0x00000000f0580000)
  object space 52736K, 58% used [0x00000000d1000000,0x00000000d2e1e450,0x00000000d4380000)
 Metaspace       used 47390K, capacity 50922K, committed 51200K, reserved 1093632K
  class space    used 6791K, capacity 7382K, committed 7424K, reserved 1048576K

Card table byte_map: [0x0000000011d50000,0x0000000011ed0000] byte_map_base: 0x00000000116c8000

Marking Bits: (ParMarkBitMap*) 0x0000000074fe0600
 Begin Bits: [0x0000000012470000, 0x0000000013030000)
 End Bits:   [0x0000000013030000, 0x0000000013bf0000)

Polling page: 0x00000000001b0000

CodeCache: size=245760Kb used=11059Kb max_used=11059Kb free=234700Kb
 bounds [0x0000000002990000, 0x0000000003460000, 0x0000000011990000]
 total_blobs=6396 nmethods=5898 adapters=411
 compilation: enabled

Compilation events (10 events):
Event: 625.955 Thread 0x00000000557e1000 nmethod 6007 0x000000000345e290 code [0x000000000345e420, 0x000000000345e658]
Event: 625.955 Thread 0x00000000557e1000 6008       1       com.sun.xml.bind.v2.runtime.reflect.opt.AccessorInjector::tailor (72 bytes)
Event: 625.955 Thread 0x00000000557e1000 nmethod 6008 0x000000000345e790 code [0x000000000345e920, 0x000000000345ec68]
Event: 625.956 Thread 0x00000000557e1000 6009       1       java.io.DataOutputStream::writeLong (118 bytes)
Event: 625.956 Thread 0x00000000557e1000 nmethod 6009 0x000000000345ee50 code [0x000000000345efc0, 0x000000000345f288]
Event: 625.957 Thread 0x00000000557e1000 6010   !   1       java.io.FilterOutputStream::close (83 bytes)
Event: 625.957 Thread 0x00000000557e1000 nmethod 6010 0x000000000345f450 code [0x000000000345f600, 0x000000000345f8a8]
Event: 625.957 Thread 0x00000000557e1000 6011       1       com.sun.xml.bind.v2.runtime.reflect.opt.Injector::inject (18 bytes)
Event: 625.957 Thread 0x00000000557e1000 nmethod 6011 0x000000000345fa50 code [0x000000000345fbc0, 0x000000000345fd18]
Event: 625.958 Thread 0x00000000557e1000 6012   !   1       com.sun.xml.bind.v2.runtime.reflect.opt.Injector::inject (861 bytes)

GC Heap History (10 events):
Event: 54.366 GC heap before
{Heap before GC invocations=15 (full 2):
 PSYoungGen      total 195072K, used 178953K [0x00000000f0580000, 0x00000000fd500000, 0x0000000100000000)
  eden space 181760K, 91% used [0x00000000f0580000,0x00000000fa841bc0,0x00000000fb700000)
  from space 13312K, 92% used [0x00000000fc580000,0x00000000fd180ae0,0x00000000fd280000)
  to   space 14848K, 0% used [0x00000000fb700000,0x00000000fb700000,0x00000000fc580000)
 ParOldGen       total 52736K, used 21253K [0x00000000d1000000, 0x00000000d4380000, 0x00000000f0580000)
  object space 52736K, 40% used [0x00000000d1000000,0x00000000d24c17d0,0x00000000d4380000)
 Metaspace       used 46662K, capacity 49756K, committed 50048K, reserved 1091584K
  class space    used 6693K, capacity 7235K, committed 7296K, reserved 1048576K
Event: 54.409 GC heap after
Heap after GC invocations=15 (full 2):
 PSYoungGen      total 196608K, used 7559K [0x00000000f0580000, 0x00000000fd400000, 0x0000000100000000)
  eden space 181760K, 0% used [0x00000000f0580000,0x00000000f0580000,0x00000000fb700000)
  from space 14848K, 50% used [0x00000000fb700000,0x00000000fbe61e48,0x00000000fc580000)
  to   space 14336K, 0% used [0x00000000fc600000,0x00000000fc600000,0x00000000fd400000)
 ParOldGen       total 52736K, used 25991K [0x00000000d1000000, 0x00000000d4380000, 0x00000000f0580000)
  object space 52736K, 49% used [0x00000000d1000000,0x00000000d2961f88,0x00000000d4380000)
 Metaspace       used 46662K, capacity 49756K, committed 50048K, reserved 1091584K
  class space    used 6693K, capacity 7235K, committed 7296K, reserved 1048576K
}
Event: 54.409 GC heap before
{Heap before GC invocations=16 (full 3):
 PSYoungGen      total 196608K, used 7559K [0x00000000f0580000, 0x00000000fd400000, 0x0000000100000000)
  eden space 181760K, 0% used [0x00000000f0580000,0x00000000f0580000,0x00000000fb700000)
  from space 14848K, 50% used [0x00000000fb700000,0x00000000fbe61e48,0x00000000fc580000)
  to   space 14336K, 0% used [0x00000000fc600000,0x00000000fc600000,0x00000000fd400000)
 ParOldGen       total 52736K, used 25991K [0x00000000d1000000, 0x00000000d4380000, 0x00000000f0580000)
  object space 52736K, 49% used [0x00000000d1000000,0x00000000d2961f88,0x00000000d4380000)
 Metaspace       used 46662K, capacity 49756K, committed 50048K, reserved 1091584K
  class space    used 6693K, capacity 7235K, committed 7296K, reserved 1048576K
Event: 54.784 GC heap after
Heap after GC invocations=16 (full 3):
 PSYoungGen      total 196608K, used 0K [0x00000000f0580000, 0x00000000fd400000, 0x0000000100000000)
  eden space 181760K, 0% used [0x00000000f0580000,0x00000000f0580000,0x00000000fb700000)
  from space 14848K, 0% used [0x00000000fb700000,0x00000000fb700000,0x00000000fc580000)
  to   space 14336K, 0% used [0x00000000fc600000,0x00000000fc600000,0x00000000fd400000)
 ParOldGen       total 52736K, used 26946K [0x00000000d1000000, 0x00000000d4380000, 0x00000000f0580000)
  object space 52736K, 51% used [0x00000000d1000000,0x00000000d2a50b10,0x00000000d4380000)
 Metaspace       used 46662K, capacity 49756K, committed 50048K, reserved 1091584K
  class space    used 6693K, capacity 7235K, committed 7296K, reserved 1048576K
}
Event: 58.844 GC heap before
{Heap before GC invocations=17 (full 3):
 PSYoungGen      total 196608K, used 181760K [0x00000000f0580000, 0x00000000fd400000, 0x0000000100000000)
  eden space 181760K, 100% used [0x00000000f0580000,0x00000000fb700000,0x00000000fb700000)
  from space 14848K, 0% used [0x00000000fb700000,0x00000000fb700000,0x00000000fc580000)
  to   space 14336K, 0% used [0x00000000fc600000,0x00000000fc600000,0x00000000fd400000)
 ParOldGen       total 52736K, used 26946K [0x00000000d1000000, 0x00000000d4380000, 0x00000000f0580000)
  object space 52736K, 51% used [0x00000000d1000000,0x00000000d2a50b10,0x00000000d4380000)
 Metaspace       used 46920K, capacity 50202K, committed 50432K, reserved 1091584K
  class space    used 6726K, capacity 7305K, committed 7424K, reserved 1048576K
Event: 58.879 GC heap after
Heap after GC invocations=17 (full 3):
 PSYoungGen      total 197120K, used 9716K [0x00000000f0580000, 0x00000000fff80000, 0x0000000100000000)
  eden space 182784K, 0% used [0x00000000f0580000,0x00000000f0580000,0x00000000fb800000)
  from space 14336K, 67% used [0x00000000fc600000,0x00000000fcf7d330,0x00000000fd400000)
  to   space 14336K, 0% used [0x00000000fb800000,0x00000000fb800000,0x00000000fc600000)
 ParOldGen       total 52736K, used 26954K [0x00000000d1000000, 0x00000000d4380000, 0x00000000f0580000)
  object space 52736K, 51% used [0x00000000d1000000,0x00000000d2a52b10,0x00000000d4380000)
 Metaspace       used 46920K, capacity 50202K, committed 50432K, reserved 1091584K
  class space    used 6726K, capacity 7305K, committed 7424K, reserved 1048576K
}
Event: 254.921 GC heap before
{Heap before GC invocations=18 (full 3):
 PSYoungGen      total 197120K, used 192500K [0x00000000f0580000, 0x00000000fff80000, 0x0000000100000000)
  eden space 182784K, 100% used [0x00000000f0580000,0x00000000fb800000,0x00000000fb800000)
  from space 14336K, 67% used [0x00000000fc600000,0x00000000fcf7d330,0x00000000fd400000)
  to   space 14336K, 0% used [0x00000000fb800000,0x00000000fb800000,0x00000000fc600000)
 ParOldGen       total 52736K, used 26954K [0x00000000d1000000, 0x00000000d4380000, 0x00000000f0580000)
  object space 52736K, 51% used [0x00000000d1000000,0x00000000d2a52b10,0x00000000d4380000)
 Metaspace       used 47230K, capacity 50600K, committed 50688K, reserved 1093632K
  class space    used 6775K, capacity 7357K, committed 7424K, reserved 1048576K
Event: 255.082 GC heap after
Heap after GC invocations=18 (full 3):
 PSYoungGen      total 197120K, used 9049K [0x00000000f0580000, 0x0000000100000000, 0x0000000100000000)
  eden space 182784K, 0% used [0x00000000f0580000,0x00000000f0580000,0x00000000fb800000)
  from space 14336K, 63% used [0x00000000fb800000,0x00000000fc0d6590,0x00000000fc600000)
  to   space 14336K, 0% used [0x00000000ff200000,0x00000000ff200000,0x0000000100000000)
 ParOldGen       total 52736K, used 30833K [0x00000000d1000000, 0x00000000d4380000, 0x00000000f0580000)
  object space 52736K, 58% used [0x00000000d1000000,0x00000000d2e1c450,0x00000000d4380000)
 Metaspace       used 47230K, capacity 50600K, committed 50688K, reserved 1093632K
  class space    used 6775K, capacity 7357K, committed 7424K, reserved 1048576K
}
Event: 625.424 GC heap before
{Heap before GC invocations=19 (full 3):
 PSYoungGen      total 197120K, used 191833K [0x00000000f0580000, 0x0000000100000000, 0x0000000100000000)
  eden space 182784K, 100% used [0x00000000f0580000,0x00000000fb800000,0x00000000fb800000)
  from space 14336K, 63% used [0x00000000fb800000,0x00000000fc0d6590,0x00000000fc600000)
  to   space 14336K, 0% used [0x00000000ff200000,0x00000000ff200000,0x0000000100000000)
 ParOldGen       total 52736K, used 30833K [0x00000000d1000000, 0x00000000d4380000, 0x00000000f0580000)
  object space 52736K, 58% used [0x00000000d1000000,0x00000000d2e1c450,0x00000000d4380000)
 Metaspace       used 47379K, capacity 50898K, committed 50944K, reserved 1093632K
  class space    used 6788K, capacity 7378K, committed 7424K, reserved 1048576K
Event: 625.548 GC heap after
Heap after GC invocations=19 (full 3):
 PSYoungGen      total 241152K, used 10776K [0x00000000f0580000, 0x0000000100000000, 0x0000000100000000)
  eden space 226816K, 0% used [0x00000000f0580000,0x00000000f0580000,0x00000000fe300000)
  from space 14336K, 75% used [0x00000000ff200000,0x00000000ffc863a0,0x0000000100000000)
  to   space 14848K, 0% used [0x00000000fe300000,0x00000000fe300000,0x00000000ff180000)
 ParOldGen       total 52736K, used 30841K [0x00000000d1000000, 0x00000000d4380000, 0x00000000f0580000)
  object space 52736K, 58% used [0x00000000d1000000,0x00000000d2e1e450,0x00000000d4380000)
 Metaspace       used 47379K, capacity 50898K, committed 50944K, reserved 1093632K
  class space    used 6788K, capacity 7378K, committed 7424K, reserved 1048576K
}

Deoptimization events (0 events):
No events

Internal exceptions (10 events):
Event: 625.880 Thread 0x000000005a67b800 Exception <a 'java/lang/ArrayIndexOutOfBoundsException'> (0x00000000f205d988) thrown at [C:\re\workspace\8-2-build-windows-amd64-cygwin\jdk8u72\5732\hotspot\src\share\vm\runtime\sharedRuntime.cpp, line 605]
Event: 625.881 Thread 0x000000005a67b800 Exception <a 'java/lang/ArrayIndexOutOfBoundsException'> (0x00000000f20640a8) thrown at [C:\re\workspace\8-2-build-windows-amd64-cygwin\jdk8u72\5732\hotspot\src\share\vm\runtime\sharedRuntime.cpp, line 605]
Event: 625.881 Thread 0x000000005a67b800 Exception <a 'java/lang/ArrayIndexOutOfBoundsException'> (0x00000000f20653d8) thrown at [C:\re\workspace\8-2-build-windows-amd64-cygwin\jdk8u72\5732\hotspot\src\share\vm\runtime\sharedRuntime.cpp, line 605]
Event: 625.881 Thread 0x000000005a67b800 Exception <a 'java/lang/ArrayIndexOutOfBoundsException'> (0x00000000f2066328) thrown at [C:\re\workspace\8-2-build-windows-amd64-cygwin\jdk8u72\5732\hotspot\src\share\vm\runtime\sharedRuntime.cpp, line 605]
Event: 625.881 Thread 0x000000005a67b800 Exception <a 'java/lang/ArrayIndexOutOfBoundsException'> (0x00000000f2067278) thrown at [C:\re\workspace\8-2-build-windows-amd64-cygwin\jdk8u72\5732\hotspot\src\share\vm\runtime\sharedRuntime.cpp, line 605]
Event: 625.886 Thread 0x000000005a67b800 Exception <a 'java/lang/ArrayIndexOutOfBoundsException'> (0x00000000f20704c8) thrown at [C:\re\workspace\8-2-build-windows-amd64-cygwin\jdk8u72\5732\hotspot\src\share\vm\runtime\sharedRuntime.cpp, line 605]
Event: 625.886 Thread 0x000000005a67b800 Exception <a 'java/lang/ArrayIndexOutOfBoundsException'> (0x00000000f2071618) thrown at [C:\re\workspace\8-2-build-windows-amd64-cygwin\jdk8u72\5732\hotspot\src\share\vm\runtime\sharedRuntime.cpp, line 605]
Event: 625.886 Thread 0x000000005a67b800 Exception <a 'java/lang/ArrayIndexOutOfBoundsException'> (0x00000000f2072568) thrown at [C:\re\workspace\8-2-build-windows-amd64-cygwin\jdk8u72\5732\hotspot\src\share\vm\runtime\sharedRuntime.cpp, line 605]
Event: 625.886 Thread 0x000000005a67b800 Exception <a 'java/lang/ArrayIndexOutOfBoundsException'> (0x00000000f20738c0) thrown at [C:\re\workspace\8-2-build-windows-amd64-cygwin\jdk8u72\5732\hotspot\src\share\vm\runtime\sharedRuntime.cpp, line 605]
Event: 625.886 Thread 0x000000005a67b800 Exception <a 'java/lang/ArrayIndexOutOfBoundsException'> (0x00000000f2074828) thrown at [C:\re\workspace\8-2-build-windows-amd64-cygwin\jdk8u72\5732\hotspot\src\share\vm\runtime\sharedRuntime.cpp, line 605]

Events (10 events):
Event: 625.849 loading class javax/annotation/Nullable
Event: 625.849 loading class javax/annotation/Nullable done
Event: 625.849 loading class javax/annotation/Nullable
Event: 625.849 loading class javax/annotation/Nullable done
Event: 625.851 loading class com/sun/org/glassfish/hk2/osgiresourcelocator/ServiceLoader
Event: 625.851 loading class com/sun/org/glassfish/hk2/osgiresourcelocator/ServiceLoader done
Event: 625.972 loading class javax/annotation/Nullable
Event: 625.972 loading class javax/annotation/Nullable done
Event: 625.973 loading class javax/annotation/Nullable
Event: 625.973 loading class javax/annotation/Nullable done


Dynamic libraries:
0x000000013f020000 - 0x000000013f057000 	C:\Program Files\Java\jdk1.8.0_72\bin\javaw.exe
0x0000000077aa0000 - 0x0000000077c49000 	C:\Windows\SYSTEM32\ntdll.dll
0x0000000077980000 - 0x0000000077a9f000 	C:\Windows\system32\kernel32.dll
0x000007fefdaa0000 - 0x000007fefdb0c000 	C:\Windows\system32\KERNELBASE.dll
0x000007fefe510000 - 0x000007fefe5eb000 	C:\Windows\system32\ADVAPI32.dll
0x000007fefdef0000 - 0x000007fefdf8f000 	C:\Windows\system32\msvcrt.dll
0x000007feffc30000 - 0x000007feffc4f000 	C:\Windows\SYSTEM32\sechost.dll
0x000007fefe690000 - 0x000007fefe7bd000 	C:\Windows\system32\RPCRT4.dll
0x0000000077880000 - 0x000000007797a000 	C:\Windows\system32\USER32.dll
0x000007fefe280000 - 0x000007fefe2e7000 	C:\Windows\system32\GDI32.dll
0x000007fefde90000 - 0x000007fefde9e000 	C:\Windows\system32\LPK.dll
0x000007fefddc0000 - 0x000007fefde89000 	C:\Windows\system32\USP10.dll
0x000007fefc4c0000 - 0x000007fefc6b4000 	C:\Windows\WinSxS\amd64_microsoft.windows.common-controls_6595b64144ccf1df_6.0.7601.17514_none_fa396087175ac9ac\COMCTL32.dll
0x000007fefe1f0000 - 0x000007fefe261000 	C:\Windows\system32\SHLWAPI.dll
0x000007feffd80000 - 0x000007feffdae000 	C:\Windows\system32\IMM32.DLL
0x000007feff8c0000 - 0x000007feff9c9000 	C:\Windows\system32\MSCTF.dll
0x0000000075300000 - 0x00000000753d2000 	C:\Program Files\Java\jdk1.8.0_72\jre\bin\msvcr100.dll
0x00000000747d0000 - 0x0000000075060000 	C:\Program Files\Java\jdk1.8.0_72\jre\bin\server\jvm.dll
0x000007fee4e30000 - 0x000007fee4e39000 	C:\Windows\system32\WSOCK32.dll
0x000007fefdea0000 - 0x000007fefdeed000 	C:\Windows\system32\WS2_32.dll
0x000007fefe270000 - 0x000007fefe278000 	C:\Windows\system32\NSI.dll
0x000007fef8890000 - 0x000007fef88cb000 	C:\Windows\system32\WINMM.dll
0x000007fefcb50000 - 0x000007fefcb5c000 	C:\Windows\system32\VERSION.dll
0x0000000077c70000 - 0x0000000077c77000 	C:\Windows\system32\PSAPI.DLL
0x0000000075460000 - 0x000000007546f000 	C:\Program Files\Java\jdk1.8.0_72\jre\bin\verify.dll
0x00000000752d0000 - 0x00000000752f9000 	C:\Program Files\Java\jdk1.8.0_72\jre\bin\java.dll
0x00000000752b0000 - 0x00000000752c6000 	C:\Program Files\Java\jdk1.8.0_72\jre\bin\zip.dll
0x000007fefeb30000 - 0x000007feff8b8000 	C:\Windows\system32\SHELL32.dll
0x000007fefe920000 - 0x000007fefeb23000 	C:\Windows\system32\ole32.dll
0x000007fefd9f0000 - 0x000007fefd9ff000 	C:\Windows\system32\profapi.dll
0x00000000752a0000 - 0x00000000752ad000 	C:\Program Files\Java\jdk1.8.0_72\jre\bin\management.dll
0x00000000744c0000 - 0x00000000744da000 	C:\Program Files\Java\jdk1.8.0_72\jre\bin\net.dll
0x000007fefd260000 - 0x000007fefd2b5000 	C:\Windows\system32\mswsock.dll
0x000007fefd250000 - 0x000007fefd257000 	C:\Windows\System32\wship6.dll
0x00000000744a0000 - 0x00000000744b1000 	C:\Program Files\Java\jdk1.8.0_72\jre\bin\nio.dll
0x000007fefb640000 - 0x000007fefb655000 	C:\Windows\system32\NLAapi.dll
0x000007fefa770000 - 0x000007fefa785000 	C:\Windows\system32\napinsp.dll
0x000007fefa750000 - 0x000007fefa769000 	C:\Windows\system32\pnrpnsp.dll
0x000007fefd0e0000 - 0x000007fefd13b000 	C:\Windows\system32\DNSAPI.dll
0x000007fefa740000 - 0x000007fefa74b000 	C:\Windows\System32\winrnr.dll
0x000007fefcc20000 - 0x000007fefcc27000 	C:\Windows\System32\wshtcpip.dll
0x000007fefb2d0000 - 0x000007fefb2f7000 	C:\Windows\system32\IPHLPAPI.DLL
0x000007fefb2c0000 - 0x000007fefb2cb000 	C:\Windows\system32\WINNSI.DLL
0x000007fefa6a0000 - 0x000007fefa6a8000 	C:\Windows\system32\rasadhlp.dll
0x000007fefb160000 - 0x000007fefb1b3000 	C:\Windows\System32\fwpuclnt.dll
0x000007fefd2c0000 - 0x000007fefd2d7000 	C:\Windows\system32\CRYPTSP.dll
0x000007fefcfc0000 - 0x000007fefd007000 	C:\Windows\system32\rsaenh.dll
0x000007fefcd40000 - 0x000007fefcd5e000 	C:\Windows\system32\USERENV.dll
0x000007fefd920000 - 0x000007fefd92f000 	C:\Windows\system32\CRYPTBASE.dll
0x000007fefb0c0000 - 0x000007fefb0d8000 	C:\Windows\system32\dhcpcsvc.DLL
0x000007fefb0a0000 - 0x000007fefb0b1000 	C:\Windows\system32\dhcpcsvc6.DLL
0x0000000074460000 - 0x0000000074484000 	C:\Program Files\Java\jdk1.8.0_72\jre\bin\sunec.dll

VM Arguments:
jvm_args: -Dcom.sun.management.jmxremote -Dcom.sun.management.jmxremote.port=53977 -Dcom.sun.management.jmxremote.authenticate=false -Dcom.sun.management.jmxremote.ssl=false -Djava.rmi.server.hostname=localhost -Dspring.liveBeansView.mbeanDomain -Dspring.application.admin.enabled=true -Xverify:none -XX:TieredStopAtLevel=1 -Dfile.encoding=UTF-8 
java_command: in.ashokit.Application --spring.output.ansi.enabled=always
java_class_path (initial): D:\Ashok_IT_Contents\AshokIt_Eclipse_Workspace\MicroServices\50-SB_MS-Service-Registry\target\classes;C:\Users\HP\.m2\repository\org\springframework\boot\spring-boot-starter-web\2.5.3\spring-boot-starter-web-2.5.3.jar;C:\Users\HP\.m2\repository\org\springframework\boot\spring-boot-starter\2.5.3\spring-boot-starter-2.5.3.jar;C:\Users\HP\.m2\repository\org\springframework\boot\spring-boot-starter-logging\2.5.3\spring-boot-starter-logging-2.5.3.jar;C:\Users\HP\.m2\repository\ch\qos\logback\logback-classic\1.2.4\logback-classic-1.2.4.jar;C:\Users\HP\.m2\repository\ch\qos\logback\logback-core\1.2.4\logback-core-1.2.4.jar;C:\Users\HP\.m2\repository\org\apache\logging\log4j\log4j-to-slf4j\2.14.1\log4j-to-slf4j-2.14.1.jar;C:\Users\HP\.m2\repository\org\apache\logging\log4j\log4j-api\2.14.1\log4j-api-2.14.1.jar;C:\Users\HP\.m2\repository\org\slf4j\jul-to-slf4j\1.7.32\jul-to-slf4j-1.7.32.jar;C:\Users\HP\.m2\repository\org\yaml\snakeyaml\1.28\snakeyaml-1.28.jar;C:\Users\HP\.m2\repository\org\springframework\boot\spring-boot-starter-json\2.5.3\spring-boot-starter-json-2.5.3.jar;C:\Users\HP\.m2\repository\com\fasterxml\jackson\core\jackson-databind\2.12.4\jackson-databind-2.12.4.jar;C:\Users\HP\.m2\repository\com\fasterxml\jackson\core\jackson-annotations\2.12.4\jackson-annotations-2.12.4.jar;C:\Users\HP\.m2\repository\com\fasterxml\jackson\core\jackson-core\2.12.4\jackson-core-2.12.4.jar;C:\Users\HP\.m2\repository\com\fasterxml\jackson\datatype\jackson-datatype-jdk8\2.12.4\jackson-datatype-jdk8-2.12.4.jar;C:\Users\HP\.m2\repository\com\fasterxml\jackson\datatype\jackson-datatype-jsr310\2.12.4\jackson-datatype-jsr310-2.12.4.jar;C:\Users\HP\.m2\repository\com\fasterxml\jackson\module\jackson-module-parameter-names\2.12.4\jackson-module-parameter-names-2.12.4.jar;C:\Users\HP\.m2\repository\org\springframework\spring-web\5.3.9\spring-web-5.3.9.jar;C:\Users\HP\.m2\repository\org\springframework\spring-beans\5.3.9\spring-beans-5.3.9.jar;C:\Users\HP\.m2\re
Launcher Type: SUN_STANDARD

Environment Variables:
JAVA_HOME=C:\Program Files\Java\jdk1.8.0_72
PATH=C:/Program Files/Java/jdk1.8.0_72/bin/../jre/bin/server;C:/Program Files/Java/jdk1.8.0_72/bin/../jre/bin;C:/Program Files/Java/jdk1.8.0_72/bin/../jre/lib/amd64;C:\oraclexe\app\oracle\product\10.2.0\server\bin;C:\Program Files\Java\jdk1.8.0_72\bin;D:\Ashok_IT_Contents\Softwares\apache-maven-3.8.1\bin;C:\Program Files\Git\cmd;C:\Program Files\nodejs\;C:\Users\HP\AppData\Local\Programs\Microsoft VS Code\bin;C:\Users\HP\AppData\Roaming\npm;D:\SpringBoot\software\SpringToolSuite\sts-bundle\sts-3.9.6.RELEASE;
USERNAME=HP
OS=Windows_NT
PROCESSOR_IDENTIFIER=Intel64 Family 6 Model 23 Stepping 10, GenuineIntel



---------------  S Y S T E M  ---------------

OS: Windows 7 , 64 bit Build 7601 (6.1.7601.17965)

CPU:total 2 (2 cores per cpu, 1 threads per core) family 6 model 23 stepping 10, cmov, cx8, fxsr, mmx, sse, sse2, sse3, ssse3, tsc

Memory: 4k page, physical 3075268k(77968k free), swap 7442020k(5004k free)

vm_info: Java HotSpot(TM) 64-Bit Server VM (25.72-b15) for windows-amd64 JRE (1.8.0_72-b15), built on Dec 22 2015 19:16:16 by "java_re" with MS VC++ 10.0 (VS2010)

time: Mon Aug 09 18:45:03 2021
elapsed time: 626 seconds (0d 0h 10m 26s)

